{
  "ok": true,
  "bundle_json": "qualitative-db/40-research/cases/case-20260409-21554cf3/researcher-analyses/2026-04-09/dispatch-case-20260409-21554cf3-20260409T073402Z/synthesis-bundle.json",
  "jobs_json": "qualitative-db/40-research/cases/case-20260409-21554cf3/researcher-analyses/2026-04-09/dispatch-case-20260409-21554cf3-20260409T073402Z/reasoning-extract-jobs.json",
  "persona": "market-implied",
  "prompt_path": "qualitative-db/40-research/cases/case-20260409-21554cf3/researcher-analyses/2026-04-09/dispatch-case-20260409-21554cf3-20260409T073402Z/reasoning-extract-market-implied-prompt.md",
  "result_json": "qualitative-db/40-research/cases/case-20260409-21554cf3/researcher-analyses/2026-04-09/dispatch-case-20260409-21554cf3-20260409T073402Z/reasoning-extract-market-implied-result.json",
  "artifact_path": "qualitative-db/40-research/cases/case-20260409-21554cf3/researcher-analyses/2026-04-09/dispatch-case-20260409-21554cf3-20260409T073402Z/synthesis-reasoning-extracts/market-implied.json",
  "visible_finish": {
    "action": "send",
    "channel": "telegram",
    "dryRun": false,
    "handledBy": "plugin",
    "payload": {
      "ok": true,
      "messageId": "440",
      "chatId": "-1003846500961"
    }
  },
  "synthesis_launch": {
    "ok": true,
    "status": "final_synthesis_launched",
    "dispatch_id": "dispatch-case-20260409-21554cf3-20260409T073402Z",
    "session_key": "agent:main:telegram:group:-1003846500961:topic:441",
    "extracts_bundle_path": "qualitative-db/40-research/cases/case-20260409-21554cf3/researcher-analyses/2026-04-09/dispatch-case-20260409-21554cf3-20260409T073402Z/extracts-synthesis-bundle.json",
    "synthesis_prompt_path": "qualitative-db/40-research/cases/case-20260409-21554cf3/researcher-analyses/2026-04-09/dispatch-case-20260409-21554cf3-20260409T073402Z/synthesis-prompt.md",
    "launch_log_path": "qualitative-db/40-research/cases/case-20260409-21554cf3/researcher-analyses/2026-04-09/dispatch-case-20260409-21554cf3-20260409T073402Z/final-synthesis-launch.log",
    "pid": 25863,
    "lane_summary": {
      "ok": true,
      "action": "created",
      "status_file": "qualitative-db/40-research/cases/case-20260409-21554cf3/researcher-analyses/2026-04-09/dispatch-case-20260409-21554cf3-20260409T073402Z/synthesis-stage-status.json",
      "chat_id": "-1003846500961",
      "topic_id": "441",
      "topic_title": "case-20260409-21554cf3 | synthesis | T073402Z",
      "session_key": "agent:main:telegram:group:-1003846500961:topic:441"
    },
    "status_file": "qualitative-db/40-research/cases/case-20260409-21554cf3/researcher-analyses/2026-04-09/dispatch-case-20260409-21554cf3-20260409T073402Z/synthesis-stage-status.json"
  },
  "warnings": [],
  "support_mode": "metadata_and_summaries_only"
}
