{
  "ok": true,
  "bundle_json": "qualitative-db/40-research/cases/case-20260413-2d3a41aa/researcher-analyses/2026-04-13/dispatch-case-20260413-2d3a41aa-20260413T134928Z/sidecar-synthesis-bundle.json",
  "prompt_path": "qualitative-db/40-research/cases/case-20260413-2d3a41aa/researcher-analyses/2026-04-13/dispatch-case-20260413-2d3a41aa-20260413T134928Z/synthesis-prompt.md",
  "result_json": "qualitative-db/40-research/cases/case-20260413-2d3a41aa/researcher-analyses/2026-04-13/dispatch-case-20260413-2d3a41aa-20260413T134928Z/synthesis-result.json",
  "warnings": [],
  "artifact_path": "qualitative-db/40-research/cases/case-20260413-2d3a41aa/researcher-analyses/2026-04-13/dispatch-case-20260413-2d3a41aa-20260413T134928Z/syndicated-finding.md",
  "current_artifact_path": "qualitative-db/40-research/cases/case-20260413-2d3a41aa/synthesizer-agent/syndicated-finding.md",
  "decision_handoff_path": "qualitative-db/40-research/cases/case-20260413-2d3a41aa/researcher-analyses/2026-04-13/dispatch-case-20260413-2d3a41aa-20260413T134928Z/decision-handoff.md",
  "current_decision_handoff_path": "qualitative-db/40-research/cases/case-20260413-2d3a41aa/synthesizer-agent/decision-handoff.md",
  "sidecar_path": "qualitative-db/40-research/cases/case-20260413-2d3a41aa/researcher-analyses/2026-04-13/dispatch-case-20260413-2d3a41aa-20260413T134928Z/syndicated-finding.runtime.json",
  "current_sidecar_path": "qualitative-db/40-research/cases/case-20260413-2d3a41aa/synthesizer-agent/syndicated-finding.runtime.json",
  "timeline_update": {
    "appended": true,
    "case_key": "case-20260413-2d3a41aa",
    "dispatch_id": "dispatch-case-20260413-2d3a41aa-20260413T134928Z",
    "artifact_path": "qualitative-db/40-research/cases/case-20260413-2d3a41aa/researcher-analyses/2026-04-13/dispatch-case-20260413-2d3a41aa-20260413T134928Z/syndicated-finding.md",
    "entry": "- 2026-04-13T13:56:43.585570+00:00 \u2014 completed synthesis `dispatch-case-20260413-2d3a41aa-20260413T134928Z` with artifact `qualitative-db/40-research/cases/case-20260413-2d3a41aa/researcher-analyses/2026-04-13/dispatch-case-20260413-2d3a41aa-20260413T134928Z/syndicated-finding.md`."
  },
  "allow_truth_finding_research": true,
  "visible_finish": {
    "action": "send",
    "channel": "telegram",
    "dryRun": false,
    "handledBy": "plugin",
    "payload": {
      "ok": true,
      "messageId": "835",
      "chatId": "-1003846500961"
    }
  }
}
