{
  "ok": true,
  "bundle_json": "qualitative-db/40-research/cases/case-20260406-6e955d27/researcher-analyses/2026-04-08/dispatch-case-20260406-6e955d27-20260408T153555Z/synthesis-bundle.json",
  "jobs_json": "qualitative-db/40-research/cases/case-20260406-6e955d27/researcher-analyses/2026-04-08/dispatch-case-20260406-6e955d27-20260408T153555Z/reasoning-extract-jobs.json",
  "persona": "catalyst-hunter",
  "prompt_path": "qualitative-db/40-research/cases/case-20260406-6e955d27/researcher-analyses/2026-04-08/dispatch-case-20260406-6e955d27-20260408T153555Z/reasoning-extract-catalyst-hunter-prompt.md",
  "result_json": "qualitative-db/40-research/cases/case-20260406-6e955d27/researcher-analyses/2026-04-08/dispatch-case-20260406-6e955d27-20260408T153555Z/reasoning-extract-catalyst-hunter-result.json",
  "artifact_path": "qualitative-db/40-research/cases/case-20260406-6e955d27/researcher-analyses/2026-04-08/dispatch-case-20260406-6e955d27-20260408T153555Z/synthesis-reasoning-extracts/catalyst-hunter.json",
  "visible_finish": {
    "action": "send",
    "channel": "telegram",
    "dryRun": false,
    "handledBy": "plugin",
    "payload": {
      "ok": true,
      "messageId": "382",
      "chatId": "-1003846500961"
    }
  },
  "synthesis_launch": {
    "ok": true,
    "status": "final_synthesis_launched",
    "dispatch_id": "dispatch-case-20260406-6e955d27-20260408T153555Z",
    "session_key": "agent:main:telegram:group:-1003846500961:topic:383",
    "extracts_bundle_path": "qualitative-db/40-research/cases/case-20260406-6e955d27/researcher-analyses/2026-04-08/dispatch-case-20260406-6e955d27-20260408T153555Z/extracts-synthesis-bundle.json",
    "synthesis_prompt_path": "qualitative-db/40-research/cases/case-20260406-6e955d27/researcher-analyses/2026-04-08/dispatch-case-20260406-6e955d27-20260408T153555Z/synthesis-prompt.md",
    "launch_log_path": "qualitative-db/40-research/cases/case-20260406-6e955d27/researcher-analyses/2026-04-08/dispatch-case-20260406-6e955d27-20260408T153555Z/final-synthesis-launch.log",
    "pid": 15136,
    "lane_summary": {
      "ok": true,
      "action": "created",
      "status_file": "qualitative-db/40-research/cases/case-20260406-6e955d27/researcher-analyses/2026-04-08/dispatch-case-20260406-6e955d27-20260408T153555Z/synthesis-stage-status.json",
      "chat_id": "-1003846500961",
      "topic_id": "383",
      "topic_title": "case-20260406-6e955d27 | synthesis | T153555Z",
      "session_key": "agent:main:telegram:group:-1003846500961:topic:383"
    },
    "status_file": "qualitative-db/40-research/cases/case-20260406-6e955d27/researcher-analyses/2026-04-08/dispatch-case-20260406-6e955d27-20260408T153555Z/synthesis-stage-status.json"
  },
  "warnings": [],
  "support_mode": "metadata_and_summaries_only"
}
