{
  "ok": true,
  "bundle_json": "qualitative-db/40-research/cases/case-20260409-a6f5ffd8/researcher-analyses/2026-04-09/dispatch-case-20260409-a6f5ffd8-20260409T071326Z/synthesis-bundle.json",
  "jobs_json": "qualitative-db/40-research/cases/case-20260409-a6f5ffd8/researcher-analyses/2026-04-09/dispatch-case-20260409-a6f5ffd8-20260409T071326Z/reasoning-extract-jobs.json",
  "persona": "market-implied",
  "prompt_path": "qualitative-db/40-research/cases/case-20260409-a6f5ffd8/researcher-analyses/2026-04-09/dispatch-case-20260409-a6f5ffd8-20260409T071326Z/reasoning-extract-market-implied-prompt.md",
  "result_json": "qualitative-db/40-research/cases/case-20260409-a6f5ffd8/researcher-analyses/2026-04-09/dispatch-case-20260409-a6f5ffd8-20260409T071326Z/reasoning-extract-market-implied-result.json",
  "artifact_path": "qualitative-db/40-research/cases/case-20260409-a6f5ffd8/researcher-analyses/2026-04-09/dispatch-case-20260409-a6f5ffd8-20260409T071326Z/synthesis-reasoning-extracts/market-implied.json",
  "visible_finish": {
    "action": "send",
    "channel": "telegram",
    "dryRun": false,
    "handledBy": "plugin",
    "payload": {
      "ok": true,
      "messageId": "410",
      "chatId": "-1003846500961"
    }
  },
  "synthesis_launch": {
    "ok": true,
    "status": "waiting_for_reasoning_extracts",
    "waiting_for_personas": [
      "risk-manager"
    ],
    "status_file": "qualitative-db/40-research/cases/case-20260409-a6f5ffd8/researcher-analyses/2026-04-09/dispatch-case-20260409-a6f5ffd8-20260409T071326Z/synthesis-stage-status.json"
  },
  "warnings": [],
  "support_mode": "metadata_and_summaries_only"
}
