{
  "ok": true,
  "bundle_json": "qualitative-db/40-research/cases/case-20260409-a6f5ffd8/researcher-analyses/2026-04-09/dispatch-case-20260409-a6f5ffd8-20260409T071326Z/synthesis-bundle.json",
  "jobs_json": "qualitative-db/40-research/cases/case-20260409-a6f5ffd8/researcher-analyses/2026-04-09/dispatch-case-20260409-a6f5ffd8-20260409T071326Z/reasoning-extract-jobs.json",
  "persona": "risk-manager",
  "prompt_path": "qualitative-db/40-research/cases/case-20260409-a6f5ffd8/researcher-analyses/2026-04-09/dispatch-case-20260409-a6f5ffd8-20260409T071326Z/reasoning-extract-risk-manager-prompt.md",
  "result_json": "qualitative-db/40-research/cases/case-20260409-a6f5ffd8/researcher-analyses/2026-04-09/dispatch-case-20260409-a6f5ffd8-20260409T071326Z/reasoning-extract-risk-manager-result.json",
  "artifact_path": "qualitative-db/40-research/cases/case-20260409-a6f5ffd8/researcher-analyses/2026-04-09/dispatch-case-20260409-a6f5ffd8-20260409T071326Z/synthesis-reasoning-extracts/risk-manager.json",
  "visible_finish": {
    "action": "send",
    "channel": "telegram",
    "dryRun": false,
    "handledBy": "plugin",
    "payload": {
      "ok": true,
      "messageId": "411",
      "chatId": "-1003846500961"
    }
  },
  "synthesis_launch": {
    "ok": true,
    "status": "final_synthesis_launched",
    "dispatch_id": "dispatch-case-20260409-a6f5ffd8-20260409T071326Z",
    "session_key": "agent:main:telegram:group:-1003846500961:topic:412",
    "extracts_bundle_path": "qualitative-db/40-research/cases/case-20260409-a6f5ffd8/researcher-analyses/2026-04-09/dispatch-case-20260409-a6f5ffd8-20260409T071326Z/extracts-synthesis-bundle.json",
    "synthesis_prompt_path": "qualitative-db/40-research/cases/case-20260409-a6f5ffd8/researcher-analyses/2026-04-09/dispatch-case-20260409-a6f5ffd8-20260409T071326Z/synthesis-prompt.md",
    "launch_log_path": "qualitative-db/40-research/cases/case-20260409-a6f5ffd8/researcher-analyses/2026-04-09/dispatch-case-20260409-a6f5ffd8-20260409T071326Z/final-synthesis-launch.log",
    "pid": 23137,
    "lane_summary": {
      "ok": true,
      "action": "created",
      "status_file": "qualitative-db/40-research/cases/case-20260409-a6f5ffd8/researcher-analyses/2026-04-09/dispatch-case-20260409-a6f5ffd8-20260409T071326Z/synthesis-stage-status.json",
      "chat_id": "-1003846500961",
      "topic_id": "412",
      "topic_title": "case-20260409-a6f5ffd8 | synthesis | T071326Z",
      "session_key": "agent:main:telegram:group:-1003846500961:topic:412"
    },
    "status_file": "qualitative-db/40-research/cases/case-20260409-a6f5ffd8/researcher-analyses/2026-04-09/dispatch-case-20260409-a6f5ffd8-20260409T071326Z/synthesis-stage-status.json"
  },
  "warnings": [],
  "support_mode": "metadata_and_summaries_only"
}
