{
  "ok": true,
  "bundle_json": "qualitative-db/40-research/cases/case-20260409-a6f5ffd8/researcher-analyses/2026-04-09/dispatch-case-20260409-a6f5ffd8-20260409T071326Z/extracts-synthesis-bundle.json",
  "prompt_path": "qualitative-db/40-research/cases/case-20260409-a6f5ffd8/researcher-analyses/2026-04-09/dispatch-case-20260409-a6f5ffd8-20260409T071326Z/synthesis-prompt.md",
  "result_json": "qualitative-db/40-research/cases/case-20260409-a6f5ffd8/researcher-analyses/2026-04-09/dispatch-case-20260409-a6f5ffd8-20260409T071326Z/synthesis-result.json",
  "warnings": [],
  "artifact_path": "qualitative-db/40-research/cases/case-20260409-a6f5ffd8/researcher-analyses/2026-04-09/dispatch-case-20260409-a6f5ffd8-20260409T071326Z/syndicated-finding.md",
  "current_artifact_path": "qualitative-db/40-research/cases/case-20260409-a6f5ffd8/synthesizer-agent/syndicated-finding.md",
  "decision_handoff_path": "qualitative-db/40-research/cases/case-20260409-a6f5ffd8/researcher-analyses/2026-04-09/dispatch-case-20260409-a6f5ffd8-20260409T071326Z/decision-handoff.md",
  "current_decision_handoff_path": "qualitative-db/40-research/cases/case-20260409-a6f5ffd8/synthesizer-agent/decision-handoff.md",
  "sidecar_path": "qualitative-db/40-research/cases/case-20260409-a6f5ffd8/researcher-analyses/2026-04-09/dispatch-case-20260409-a6f5ffd8-20260409T071326Z/syndicated-finding.runtime.json",
  "current_sidecar_path": "qualitative-db/40-research/cases/case-20260409-a6f5ffd8/synthesizer-agent/syndicated-finding.runtime.json",
  "allow_truth_finding_research": true,
  "visible_finish": {
    "action": "send",
    "channel": "telegram",
    "dryRun": false,
    "handledBy": "plugin",
    "payload": {
      "ok": true,
      "messageId": "414",
      "chatId": "-1003846500961"
    }
  }
}
