{
  "ok": true,
  "bundle_json": "qualitative-db/40-research/cases/case-20260409-21554cf3/researcher-analyses/2026-04-09/dispatch-case-20260409-21554cf3-20260409T073402Z/synthesis-bundle.json",
  "jobs_json": "qualitative-db/40-research/cases/case-20260409-21554cf3/researcher-analyses/2026-04-09/dispatch-case-20260409-21554cf3-20260409T073402Z/reasoning-extract-jobs.json",
  "persona": "base-rate",
  "prompt_path": "qualitative-db/40-research/cases/case-20260409-21554cf3/researcher-analyses/2026-04-09/dispatch-case-20260409-21554cf3-20260409T073402Z/reasoning-extract-base-rate-prompt.md",
  "result_json": "qualitative-db/40-research/cases/case-20260409-21554cf3/researcher-analyses/2026-04-09/dispatch-case-20260409-21554cf3-20260409T073402Z/reasoning-extract-base-rate-result.json",
  "artifact_path": "qualitative-db/40-research/cases/case-20260409-21554cf3/researcher-analyses/2026-04-09/dispatch-case-20260409-21554cf3-20260409T073402Z/synthesis-reasoning-extracts/base-rate.json",
  "visible_finish": {
    "action": "send",
    "channel": "telegram",
    "dryRun": false,
    "handledBy": "plugin",
    "payload": {
      "ok": true,
      "messageId": "436",
      "chatId": "-1003846500961"
    }
  },
  "synthesis_launch": {
    "ok": true,
    "status": "waiting_for_reasoning_extracts",
    "waiting_for_personas": [
      "catalyst-hunter",
      "market-implied",
      "risk-manager",
      "variant-view"
    ],
    "status_file": "qualitative-db/40-research/cases/case-20260409-21554cf3/researcher-analyses/2026-04-09/dispatch-case-20260409-21554cf3-20260409T073402Z/synthesis-stage-status.json"
  },
  "warnings": [],
  "support_mode": "metadata_and_summaries_only"
}
