{
  "ok": true,
  "bundle_json": "qualitative-db/40-research/cases/case-20260406-6e955d27/researcher-analyses/2026-04-08/dispatch-case-20260406-6e955d27-20260408T153555Z/synthesis-bundle.json",
  "jobs_json": "qualitative-db/40-research/cases/case-20260406-6e955d27/researcher-analyses/2026-04-08/dispatch-case-20260406-6e955d27-20260408T153555Z/reasoning-extract-jobs.json",
  "persona": "risk-manager",
  "prompt_path": "qualitative-db/40-research/cases/case-20260406-6e955d27/researcher-analyses/2026-04-08/dispatch-case-20260406-6e955d27-20260408T153555Z/reasoning-extract-risk-manager-prompt.md",
  "result_json": "qualitative-db/40-research/cases/case-20260406-6e955d27/researcher-analyses/2026-04-08/dispatch-case-20260406-6e955d27-20260408T153555Z/reasoning-extract-risk-manager-result.json",
  "artifact_path": "qualitative-db/40-research/cases/case-20260406-6e955d27/researcher-analyses/2026-04-08/dispatch-case-20260406-6e955d27-20260408T153555Z/synthesis-reasoning-extracts/risk-manager.json",
  "visible_finish": {
    "action": "send",
    "channel": "telegram",
    "dryRun": false,
    "handledBy": "plugin",
    "payload": {
      "ok": true,
      "messageId": "379",
      "chatId": "-1003846500961"
    }
  },
  "synthesis_launch": {
    "ok": true,
    "status": "waiting_for_reasoning_extracts",
    "waiting_for_personas": [
      "catalyst-hunter",
      "variant-view"
    ],
    "status_file": "qualitative-db/40-research/cases/case-20260406-6e955d27/researcher-analyses/2026-04-08/dispatch-case-20260406-6e955d27-20260408T153555Z/synthesis-stage-status.json"
  },
  "warnings": [],
  "support_mode": "metadata_and_summaries_only"
}
