{
  "ok": true,
  "bundle_json": "qualitative-db/40-research/cases/case-20260406-6e955d27/researcher-analyses/2026-04-08/dispatch-case-20260406-6e955d27-20260408T153555Z/extracts-synthesis-bundle.json",
  "prompt_path": "qualitative-db/40-research/cases/case-20260406-6e955d27/researcher-analyses/2026-04-08/dispatch-case-20260406-6e955d27-20260408T153555Z/synthesis-prompt.md",
  "result_json": "qualitative-db/40-research/cases/case-20260406-6e955d27/researcher-analyses/2026-04-08/dispatch-case-20260406-6e955d27-20260408T153555Z/synthesis-result.json",
  "warnings": [],
  "artifact_path": "qualitative-db/40-research/cases/case-20260406-6e955d27/researcher-analyses/2026-04-08/dispatch-case-20260406-6e955d27-20260408T153555Z/syndicated-finding.md",
  "current_artifact_path": "qualitative-db/40-research/cases/case-20260406-6e955d27/synthesizer-agent/syndicated-finding.md",
  "decision_handoff_path": "qualitative-db/40-research/cases/case-20260406-6e955d27/researcher-analyses/2026-04-08/dispatch-case-20260406-6e955d27-20260408T153555Z/decision-handoff.md",
  "current_decision_handoff_path": "qualitative-db/40-research/cases/case-20260406-6e955d27/synthesizer-agent/decision-handoff.md",
  "sidecar_path": "qualitative-db/40-research/cases/case-20260406-6e955d27/researcher-analyses/2026-04-08/dispatch-case-20260406-6e955d27-20260408T153555Z/syndicated-finding.runtime.json",
  "current_sidecar_path": "qualitative-db/40-research/cases/case-20260406-6e955d27/synthesizer-agent/syndicated-finding.runtime.json",
  "allow_truth_finding_research": true,
  "visible_finish": {
    "action": "send",
    "channel": "telegram",
    "dryRun": false,
    "handledBy": "plugin",
    "payload": {
      "ok": true,
      "messageId": "385",
      "chatId": "-1003846500961"
    }
  }
}
