{
  "ok": true,
  "bundle_json": "qualitative-db/40-research/cases/case-20260411-6669dcdb/researcher-analyses/2026-04-11/dispatch-case-20260411-6669dcdb-20260411T003353Z/sidecar-synthesis-bundle.json",
  "prompt_path": "qualitative-db/40-research/cases/case-20260411-6669dcdb/researcher-analyses/2026-04-11/dispatch-case-20260411-6669dcdb-20260411T003353Z/synthesis-prompt.md",
  "result_json": "qualitative-db/40-research/cases/case-20260411-6669dcdb/researcher-analyses/2026-04-11/dispatch-case-20260411-6669dcdb-20260411T003353Z/synthesis-result.json",
  "warnings": [],
  "artifact_path": "qualitative-db/40-research/cases/case-20260411-6669dcdb/researcher-analyses/2026-04-11/dispatch-case-20260411-6669dcdb-20260411T003353Z/syndicated-finding.md",
  "current_artifact_path": "qualitative-db/40-research/cases/case-20260411-6669dcdb/synthesizer-agent/syndicated-finding.md",
  "decision_handoff_path": "qualitative-db/40-research/cases/case-20260411-6669dcdb/researcher-analyses/2026-04-11/dispatch-case-20260411-6669dcdb-20260411T003353Z/decision-handoff.md",
  "current_decision_handoff_path": "qualitative-db/40-research/cases/case-20260411-6669dcdb/synthesizer-agent/decision-handoff.md",
  "sidecar_path": "qualitative-db/40-research/cases/case-20260411-6669dcdb/researcher-analyses/2026-04-11/dispatch-case-20260411-6669dcdb-20260411T003353Z/syndicated-finding.runtime.json",
  "current_sidecar_path": "qualitative-db/40-research/cases/case-20260411-6669dcdb/synthesizer-agent/syndicated-finding.runtime.json",
  "timeline_update": {
    "appended": true,
    "case_key": "case-20260411-6669dcdb",
    "dispatch_id": "dispatch-case-20260411-6669dcdb-20260411T003353Z",
    "artifact_path": "qualitative-db/40-research/cases/case-20260411-6669dcdb/researcher-analyses/2026-04-11/dispatch-case-20260411-6669dcdb-20260411T003353Z/syndicated-finding.md",
    "entry": "- 2026-04-11T00:42:20.664322+00:00 \u2014 completed synthesis `dispatch-case-20260411-6669dcdb-20260411T003353Z` with artifact `qualitative-db/40-research/cases/case-20260411-6669dcdb/researcher-analyses/2026-04-11/dispatch-case-20260411-6669dcdb-20260411T003353Z/syndicated-finding.md`."
  },
  "allow_truth_finding_research": true,
  "visible_finish": {
    "action": "send",
    "channel": "telegram",
    "dryRun": false,
    "handledBy": "plugin",
    "payload": {
      "ok": true,
      "messageId": "619",
      "chatId": "-1003846500961"
    }
  }
}
