{
  "ok": true,
  "bundle_json": "qualitative-db/40-research/cases/case-20260416-b80742d2/researcher-analyses/2026-04-16/dispatch-case-20260416-b80742d2-20260416T014833Z/sidecar-synthesis-bundle.json",
  "prompt_path": "qualitative-db/40-research/cases/case-20260416-b80742d2/researcher-analyses/2026-04-16/dispatch-case-20260416-b80742d2-20260416T014833Z/synthesis-prompt.md",
  "result_json": "qualitative-db/40-research/cases/case-20260416-b80742d2/researcher-analyses/2026-04-16/dispatch-case-20260416-b80742d2-20260416T014833Z/synthesis-result.json",
  "warnings": [],
  "artifact_path": "qualitative-db/40-research/cases/case-20260416-b80742d2/researcher-analyses/2026-04-16/dispatch-case-20260416-b80742d2-20260416T014833Z/syndicated-finding.md",
  "current_artifact_path": "qualitative-db/40-research/cases/case-20260416-b80742d2/synthesizer-agent/syndicated-finding.md",
  "decision_handoff_path": "qualitative-db/40-research/cases/case-20260416-b80742d2/researcher-analyses/2026-04-16/dispatch-case-20260416-b80742d2-20260416T014833Z/decision-handoff.md",
  "current_decision_handoff_path": "qualitative-db/40-research/cases/case-20260416-b80742d2/synthesizer-agent/decision-handoff.md",
  "sidecar_path": "qualitative-db/40-research/cases/case-20260416-b80742d2/researcher-analyses/2026-04-16/dispatch-case-20260416-b80742d2-20260416T014833Z/syndicated-finding.runtime.json",
  "current_sidecar_path": "qualitative-db/40-research/cases/case-20260416-b80742d2/synthesizer-agent/syndicated-finding.runtime.json",
  "timeline_update": {
    "appended": true,
    "case_key": "case-20260416-b80742d2",
    "dispatch_id": "dispatch-case-20260416-b80742d2-20260416T014833Z",
    "artifact_path": "qualitative-db/40-research/cases/case-20260416-b80742d2/researcher-analyses/2026-04-16/dispatch-case-20260416-b80742d2-20260416T014833Z/syndicated-finding.md",
    "entry": "- 2026-04-16T01:57:56.835306+00:00 \u2014 completed synthesis `dispatch-case-20260416-b80742d2-20260416T014833Z` with artifact `qualitative-db/40-research/cases/case-20260416-b80742d2/researcher-analyses/2026-04-16/dispatch-case-20260416-b80742d2-20260416T014833Z/syndicated-finding.md`."
  },
  "allow_truth_finding_research": true,
  "synthesis_telemetry": {
    "parse_failures": [],
    "attempt_count": 1,
    "recovered_after_retry": false,
    "visible_start": {
      "action": "send",
      "channel": "telegram",
      "dryRun": false,
      "handledBy": "plugin",
      "payload": {
        "ok": true,
        "messageId": "4046",
        "chatId": "-1003846500961"
      }
    },
    "raw_text_path": "qualitative-db/40-research/cases/case-20260416-b80742d2/researcher-analyses/2026-04-16/dispatch-case-20260416-b80742d2-20260416T014833Z/synthesis-response.raw.txt",
    "gateway_response_path": "qualitative-db/40-research/cases/case-20260416-b80742d2/researcher-analyses/2026-04-16/dispatch-case-20260416-b80742d2-20260416T014833Z/synthesis-response.json"
  },
  "visible_finish": {
    "action": "send",
    "channel": "telegram",
    "dryRun": false,
    "handledBy": "plugin",
    "payload": {
      "ok": true,
      "messageId": "4047",
      "chatId": "-1003846500961"
    }
  }
}
