{
  "ok": true,
  "bundle_json": "qualitative-db/40-research/cases/case-20260414-d5888900/researcher-analyses/2026-04-14/dispatch-case-20260414-d5888900-20260414T143228Z/sidecar-synthesis-bundle.json",
  "prompt_path": "qualitative-db/40-research/cases/case-20260414-d5888900/researcher-analyses/2026-04-14/dispatch-case-20260414-d5888900-20260414T143228Z/synthesis-prompt.md",
  "result_json": "qualitative-db/40-research/cases/case-20260414-d5888900/researcher-analyses/2026-04-14/dispatch-case-20260414-d5888900-20260414T143228Z/synthesis-result.json",
  "warnings": [],
  "artifact_path": "qualitative-db/40-research/cases/case-20260414-d5888900/researcher-analyses/2026-04-14/dispatch-case-20260414-d5888900-20260414T143228Z/syndicated-finding.md",
  "current_artifact_path": "qualitative-db/40-research/cases/case-20260414-d5888900/synthesizer-agent/syndicated-finding.md",
  "decision_handoff_path": "qualitative-db/40-research/cases/case-20260414-d5888900/researcher-analyses/2026-04-14/dispatch-case-20260414-d5888900-20260414T143228Z/decision-handoff.md",
  "current_decision_handoff_path": "qualitative-db/40-research/cases/case-20260414-d5888900/synthesizer-agent/decision-handoff.md",
  "sidecar_path": "qualitative-db/40-research/cases/case-20260414-d5888900/researcher-analyses/2026-04-14/dispatch-case-20260414-d5888900-20260414T143228Z/syndicated-finding.runtime.json",
  "current_sidecar_path": "qualitative-db/40-research/cases/case-20260414-d5888900/synthesizer-agent/syndicated-finding.runtime.json",
  "timeline_update": {
    "appended": true,
    "case_key": "case-20260414-d5888900",
    "dispatch_id": "dispatch-case-20260414-d5888900-20260414T143228Z",
    "artifact_path": "qualitative-db/40-research/cases/case-20260414-d5888900/researcher-analyses/2026-04-14/dispatch-case-20260414-d5888900-20260414T143228Z/syndicated-finding.md",
    "entry": "- 2026-04-14T14:41:59.562091+00:00 \u2014 completed synthesis `dispatch-case-20260414-d5888900-20260414T143228Z` with artifact `qualitative-db/40-research/cases/case-20260414-d5888900/researcher-analyses/2026-04-14/dispatch-case-20260414-d5888900-20260414T143228Z/syndicated-finding.md`."
  },
  "allow_truth_finding_research": true,
  "synthesis_telemetry": {
    "parse_failures": [
      {
        "attempt": 1,
        "error": "could not parse JSON object from synthesis response text",
        "artifact_path": "qualitative-db/40-research/cases/case-20260414-d5888900/researcher-analyses/2026-04-14/dispatch-case-20260414-d5888900-20260414T143228Z/synthesis-parse-failure.attempt-1.json",
        "raw_text_path": "qualitative-db/40-research/cases/case-20260414-d5888900/researcher-analyses/2026-04-14/dispatch-case-20260414-d5888900-20260414T143228Z/synthesis-response.raw.txt"
      }
    ],
    "attempt_count": 2,
    "recovered_after_retry": true,
    "visible_start": {
      "action": "send",
      "channel": "telegram",
      "dryRun": false,
      "handledBy": "plugin",
      "payload": {
        "ok": true,
        "messageId": "1829",
        "chatId": "-1003846500961"
      }
    },
    "raw_text_path": "qualitative-db/40-research/cases/case-20260414-d5888900/researcher-analyses/2026-04-14/dispatch-case-20260414-d5888900-20260414T143228Z/synthesis-response.attempt-2.raw.txt",
    "gateway_response_path": "qualitative-db/40-research/cases/case-20260414-d5888900/researcher-analyses/2026-04-14/dispatch-case-20260414-d5888900-20260414T143228Z/synthesis-response.attempt-2.json"
  },
  "visible_finish": {
    "action": "send",
    "channel": "telegram",
    "dryRun": false,
    "handledBy": "plugin",
    "payload": {
      "ok": true,
      "messageId": "1830",
      "chatId": "-1003846500961"
    }
  }
}
