{
  "status": "ok",
  "exit_code": 0,
  "checked_at": "2026-04-12T01:11:05.499872Z",
  "heartbeat_file": "/Users/agent2/.openclaw/orchestrator/scripts/.runtime-state/pipeline-heartbeat.json",
  "quarantine_file": "/Users/agent2/.openclaw/orchestrator/scripts/.runtime-state/pipeline-quarantine.json",
  "report_file": "/Users/agent2/.openclaw/orchestrator/scripts/.runtime-state/pipeline-health-report.json",
  "heartbeat": {
    "state": "idle_sleep",
    "pid": 90201,
    "started_at": "2026-04-12T01:10:55.474837Z",
    "last_loop_started_at": "2026-04-12T01:10:55.477980Z",
    "last_loop_completed_at": "2026-04-12T01:10:56.300405Z",
    "processed_cases_total": 0,
    "last_pass": {
      "case_key": "",
      "market_id": "",
      "ok": true,
      "periodic_tasks_ran": [
        "brier_snapshot",
        "resolution_sync"
      ],
      "soft_failed": false,
      "status": "sequencer_disabled"
    },
    "last_resolution_sync": {
      "attempted_at": "2026-04-12T01:10:56.300454Z",
      "candidate_count": 1,
      "group_count": 1,
      "ok": true,
      "returncode": 0,
      "succeeded_at": "2026-04-12T01:10:56.300488Z"
    },
    "last_brier_snapshot": {
      "attempted_at": "2026-04-12T01:10:56.300496Z",
      "filters": {
        "contract_id": null,
        "market_id": null,
        "platform": "polymarket",
        "since_ts": null,
        "until_ts": null
      },
      "ok": true,
      "persisted_paths": {
        "daily_path": "quant-db/reports/brier/daily/2026-04-11.json",
        "latest_path": "quant-db/reports/brier/latest.json"
      },
      "returncode": 0,
      "succeeded_at": "2026-04-12T01:10:56.300512Z"
    }
  },
  "quarantine_count": 0,
  "issues": []
}
{
  "status": "ok",
  "exit_code": 0,
  "checked_at": "2026-04-12T01:16:05.695521Z",
  "heartbeat_file": "/Users/agent2/.openclaw/orchestrator/scripts/.runtime-state/pipeline-heartbeat.json",
  "quarantine_file": "/Users/agent2/.openclaw/orchestrator/scripts/.runtime-state/pipeline-quarantine.json",
  "report_file": "/Users/agent2/.openclaw/orchestrator/scripts/.runtime-state/pipeline-health-report.json",
  "heartbeat": {
    "state": "idle_sleep",
    "pid": 90201,
    "started_at": "2026-04-12T01:10:55.474837Z",
    "last_loop_started_at": "2026-04-12T01:15:56.774104Z",
    "last_loop_completed_at": "2026-04-12T01:15:56.774661Z",
    "processed_cases_total": 0,
    "last_pass": {
      "case_key": "",
      "market_id": "",
      "ok": true,
      "periodic_tasks_ran": [],
      "soft_failed": false,
      "status": "sequencer_disabled"
    },
    "last_resolution_sync": {
      "attempted_at": "2026-04-12T01:10:56.300454Z",
      "candidate_count": 1,
      "group_count": 1,
      "ok": true,
      "returncode": 0,
      "succeeded_at": "2026-04-12T01:10:56.300488Z"
    },
    "last_brier_snapshot": {
      "attempted_at": "2026-04-12T01:10:56.300496Z",
      "filters": {
        "contract_id": null,
        "market_id": null,
        "platform": "polymarket",
        "since_ts": null,
        "until_ts": null
      },
      "ok": true,
      "persisted_paths": {
        "daily_path": "quant-db/reports/brier/daily/2026-04-11.json",
        "latest_path": "quant-db/reports/brier/latest.json"
      },
      "returncode": 0,
      "succeeded_at": "2026-04-12T01:10:56.300512Z"
    }
  },
  "quarantine_count": 0,
  "issues": []
}
{
  "status": "ok",
  "exit_code": 0,
  "checked_at": "2026-04-12T01:21:05.887511Z",
  "heartbeat_file": "/Users/agent2/.openclaw/orchestrator/scripts/.runtime-state/pipeline-heartbeat.json",
  "quarantine_file": "/Users/agent2/.openclaw/orchestrator/scripts/.runtime-state/pipeline-quarantine.json",
  "report_file": "/Users/agent2/.openclaw/orchestrator/scripts/.runtime-state/pipeline-health-report.json",
  "heartbeat": {
    "state": "idle_sleep",
    "pid": 90201,
    "started_at": "2026-04-12T01:10:55.474837Z",
    "last_loop_started_at": "2026-04-12T01:20:57.035558Z",
    "last_loop_completed_at": "2026-04-12T01:20:57.036076Z",
    "processed_cases_total": 0,
    "last_pass": {
      "case_key": "",
      "market_id": "",
      "ok": true,
      "periodic_tasks_ran": [],
      "soft_failed": false,
      "status": "sequencer_disabled"
    },
    "last_resolution_sync": {
      "attempted_at": "2026-04-12T01:10:56.300454Z",
      "candidate_count": 1,
      "group_count": 1,
      "ok": true,
      "returncode": 0,
      "succeeded_at": "2026-04-12T01:10:56.300488Z"
    },
    "last_brier_snapshot": {
      "attempted_at": "2026-04-12T01:10:56.300496Z",
      "filters": {
        "contract_id": null,
        "market_id": null,
        "platform": "polymarket",
        "since_ts": null,
        "until_ts": null
      },
      "ok": true,
      "persisted_paths": {
        "daily_path": "quant-db/reports/brier/daily/2026-04-11.json",
        "latest_path": "quant-db/reports/brier/latest.json"
      },
      "returncode": 0,
      "succeeded_at": "2026-04-12T01:10:56.300512Z"
    }
  },
  "quarantine_count": 0,
  "issues": []
}
{
  "status": "ok",
  "exit_code": 0,
  "checked_at": "2026-04-12T01:26:06.858470Z",
  "heartbeat_file": "/Users/agent2/.openclaw/orchestrator/scripts/.runtime-state/pipeline-heartbeat.json",
  "quarantine_file": "/Users/agent2/.openclaw/orchestrator/scripts/.runtime-state/pipeline-quarantine.json",
  "report_file": "/Users/agent2/.openclaw/orchestrator/scripts/.runtime-state/pipeline-health-report.json",
  "heartbeat": {
    "state": "running",
    "pid": 90201,
    "started_at": "2026-04-12T01:10:55.474837Z",
    "last_loop_started_at": "2026-04-12T01:25:57.838286Z",
    "last_loop_completed_at": "2026-04-12T01:24:57.820519Z",
    "processed_cases_total": 0,
    "last_pass": {
      "case_key": "",
      "market_id": "",
      "ok": true,
      "periodic_tasks_ran": [],
      "soft_failed": false,
      "status": "sequencer_disabled"
    },
    "last_resolution_sync": {
      "attempted_at": "2026-04-12T01:10:56.300454Z",
      "candidate_count": 1,
      "group_count": 1,
      "ok": true,
      "returncode": 0,
      "succeeded_at": "2026-04-12T01:10:56.300488Z"
    },
    "last_brier_snapshot": {
      "attempted_at": "2026-04-12T01:10:56.300496Z",
      "filters": {
        "contract_id": null,
        "market_id": null,
        "platform": "polymarket",
        "since_ts": null,
        "until_ts": null
      },
      "ok": true,
      "persisted_paths": {
        "daily_path": "quant-db/reports/brier/daily/2026-04-11.json",
        "latest_path": "quant-db/reports/brier/latest.json"
      },
      "returncode": 0,
      "succeeded_at": "2026-04-12T01:10:56.300512Z"
    }
  },
  "quarantine_count": 0,
  "issues": []
}
{
  "status": "ok",
  "exit_code": 0,
  "checked_at": "2026-04-12T01:31:07.047086Z",
  "heartbeat_file": "/Users/agent2/.openclaw/orchestrator/scripts/.runtime-state/pipeline-heartbeat.json",
  "quarantine_file": "/Users/agent2/.openclaw/orchestrator/scripts/.runtime-state/pipeline-quarantine.json",
  "report_file": "/Users/agent2/.openclaw/orchestrator/scripts/.runtime-state/pipeline-health-report.json",
  "heartbeat": {
    "state": "idle_sleep",
    "pid": 90435,
    "started_at": "2026-04-12T01:26:43.092155Z",
    "last_loop_started_at": "2026-04-12T01:30:48.504705Z",
    "last_loop_completed_at": "2026-04-12T01:30:49.547976Z",
    "processed_cases_total": 0,
    "last_pass": {
      "case_key": "",
      "market_id": "",
      "ok": true,
      "periodic_tasks_ran": [],
      "soft_failed": false,
      "status": "idle_pipeline_busy"
    },
    "last_resolution_sync": {
      "attempted_at": "2026-04-12T01:26:44.846512Z",
      "candidate_count": 0,
      "group_count": 0,
      "ok": true,
      "returncode": 0,
      "succeeded_at": "2026-04-12T01:26:44.846558Z"
    },
    "last_brier_snapshot": {
      "attempted_at": "2026-04-12T01:26:44.846565Z",
      "filters": {
        "contract_id": null,
        "market_id": null,
        "platform": "polymarket",
        "since_ts": null,
        "until_ts": null
      },
      "ok": true,
      "persisted_paths": {
        "daily_path": "quant-db/reports/brier/daily/2026-04-11.json",
        "latest_path": "quant-db/reports/brier/latest.json"
      },
      "returncode": 0,
      "succeeded_at": "2026-04-12T01:26:44.846585Z"
    }
  },
  "quarantine_count": 0,
  "issues": []
}
{
  "status": "warn",
  "exit_code": 1,
  "checked_at": "2026-04-12T01:36:07.197588Z",
  "heartbeat_file": "/Users/agent2/.openclaw/orchestrator/scripts/.runtime-state/pipeline-heartbeat.json",
  "quarantine_file": "/Users/agent2/.openclaw/orchestrator/scripts/.runtime-state/pipeline-quarantine.json",
  "report_file": "/Users/agent2/.openclaw/orchestrator/scripts/.runtime-state/pipeline-health-report.json",
  "heartbeat": {
    "state": "running",
    "pid": 90679,
    "started_at": "2026-04-12T01:34:31.945813Z",
    "last_loop_started_at": "2026-04-12T01:34:31.950212Z",
    "last_loop_completed_at": null,
    "processed_cases_total": 0,
    "last_pass": {},
    "last_resolution_sync": {},
    "last_brier_snapshot": {}
  },
  "quarantine_count": 0,
  "issues": [
    {
      "level": "warn",
      "code": "missing_resolution_sync",
      "message": "No recorded resolution sync yet",
      "cadence_seconds": 900.0
    },
    {
      "level": "warn",
      "code": "missing_brier_snapshot",
      "message": "No recorded Brier snapshot yet",
      "cadence_seconds": 86400.0
    }
  ]
}
{
  "status": "ok",
  "exit_code": 0,
  "checked_at": "2026-04-12T01:41:07.377404Z",
  "heartbeat_file": "/Users/agent2/.openclaw/orchestrator/scripts/.runtime-state/pipeline-heartbeat.json",
  "quarantine_file": "/Users/agent2/.openclaw/orchestrator/scripts/.runtime-state/pipeline-quarantine.json",
  "report_file": "/Users/agent2/.openclaw/orchestrator/scripts/.runtime-state/pipeline-health-report.json",
  "heartbeat": {
    "state": "idle_sleep",
    "pid": 90679,
    "started_at": "2026-04-12T01:34:31.945813Z",
    "last_loop_started_at": "2026-04-12T01:40:47.649410Z",
    "last_loop_completed_at": "2026-04-12T01:40:48.632636Z",
    "processed_cases_total": 0,
    "last_pass": {
      "case_key": "",
      "market_id": "",
      "ok": true,
      "periodic_tasks_ran": [],
      "soft_failed": false,
      "status": "idle_pipeline_busy"
    },
    "last_resolution_sync": {
      "attempted_at": "2026-04-12T01:36:44.286089Z",
      "candidate_count": 0,
      "group_count": 0,
      "ok": true,
      "returncode": 0,
      "succeeded_at": "2026-04-12T01:36:44.286122Z"
    },
    "last_brier_snapshot": {
      "attempted_at": "2026-04-12T01:36:44.286128Z",
      "filters": {
        "contract_id": null,
        "market_id": null,
        "platform": "polymarket",
        "since_ts": null,
        "until_ts": null
      },
      "ok": true,
      "persisted_paths": {
        "daily_path": "quant-db/reports/brier/daily/2026-04-11.json",
        "latest_path": "quant-db/reports/brier/latest.json"
      },
      "returncode": 0,
      "succeeded_at": "2026-04-12T01:36:44.286146Z"
    }
  },
  "quarantine_count": 1,
  "issues": []
}
{
  "status": "ok",
  "exit_code": 0,
  "checked_at": "2026-04-12T01:46:07.590098Z",
  "heartbeat_file": "/Users/agent2/.openclaw/orchestrator/scripts/.runtime-state/pipeline-heartbeat.json",
  "quarantine_file": "/Users/agent2/.openclaw/orchestrator/scripts/.runtime-state/pipeline-quarantine.json",
  "report_file": "/Users/agent2/.openclaw/orchestrator/scripts/.runtime-state/pipeline-health-report.json",
  "heartbeat": {
    "state": "running",
    "pid": 90679,
    "started_at": "2026-04-12T01:34:31.945813Z",
    "last_loop_started_at": "2026-04-12T01:44:51.626150Z",
    "last_loop_completed_at": "2026-04-12T01:43:51.576355Z",
    "processed_cases_total": 0,
    "last_pass": {
      "case_key": "",
      "market_id": "",
      "ok": true,
      "periodic_tasks_ran": [],
      "soft_failed": false,
      "status": "idle_pipeline_busy"
    },
    "last_resolution_sync": {
      "attempted_at": "2026-04-12T01:36:44.286089Z",
      "candidate_count": 0,
      "group_count": 0,
      "ok": true,
      "returncode": 0,
      "succeeded_at": "2026-04-12T01:36:44.286122Z"
    },
    "last_brier_snapshot": {
      "attempted_at": "2026-04-12T01:36:44.286128Z",
      "filters": {
        "contract_id": null,
        "market_id": null,
        "platform": "polymarket",
        "since_ts": null,
        "until_ts": null
      },
      "ok": true,
      "persisted_paths": {
        "daily_path": "quant-db/reports/brier/daily/2026-04-11.json",
        "latest_path": "quant-db/reports/brier/latest.json"
      },
      "returncode": 0,
      "succeeded_at": "2026-04-12T01:36:44.286146Z"
    }
  },
  "quarantine_count": 1,
  "issues": []
}
{
  "status": "ok",
  "exit_code": 0,
  "checked_at": "2026-04-12T01:51:07.764006Z",
  "heartbeat_file": "/Users/agent2/.openclaw/orchestrator/scripts/.runtime-state/pipeline-heartbeat.json",
  "quarantine_file": "/Users/agent2/.openclaw/orchestrator/scripts/.runtime-state/pipeline-quarantine.json",
  "report_file": "/Users/agent2/.openclaw/orchestrator/scripts/.runtime-state/pipeline-health-report.json",
  "heartbeat": {
    "state": "running",
    "pid": 90679,
    "started_at": "2026-04-12T01:34:31.945813Z",
    "last_loop_started_at": "2026-04-12T01:50:35.975936Z",
    "last_loop_completed_at": "2026-04-12T01:49:35.863395Z",
    "processed_cases_total": 1,
    "last_pass": {
      "case_key": "c88efd8f-6779-416e-b2bc-7005dad5a937",
      "market_id": "1b49df53-d209-42a9-b1aa-2a0ebf99ef83",
      "ok": true,
      "periodic_tasks_ran": [
        "soft_fail_quarantine"
      ],
      "soft_failed": true,
      "status": "processed_new_case"
    },
    "last_resolution_sync": {
      "attempted_at": "2026-04-12T01:36:44.286089Z",
      "candidate_count": 0,
      "group_count": 0,
      "ok": true,
      "returncode": 0,
      "succeeded_at": "2026-04-12T01:36:44.286122Z"
    },
    "last_brier_snapshot": {
      "attempted_at": "2026-04-12T01:36:44.286128Z",
      "filters": {
        "contract_id": null,
        "market_id": null,
        "platform": "polymarket",
        "since_ts": null,
        "until_ts": null
      },
      "ok": true,
      "persisted_paths": {
        "daily_path": "quant-db/reports/brier/daily/2026-04-11.json",
        "latest_path": "quant-db/reports/brier/latest.json"
      },
      "returncode": 0,
      "succeeded_at": "2026-04-12T01:36:44.286146Z"
    }
  },
  "quarantine_count": 2,
  "issues": []
}
{
  "status": "ok",
  "exit_code": 0,
  "checked_at": "2026-04-12T01:56:07.938115Z",
  "heartbeat_file": "/Users/agent2/.openclaw/orchestrator/scripts/.runtime-state/pipeline-heartbeat.json",
  "quarantine_file": "/Users/agent2/.openclaw/orchestrator/scripts/.runtime-state/pipeline-quarantine.json",
  "report_file": "/Users/agent2/.openclaw/orchestrator/scripts/.runtime-state/pipeline-health-report.json",
  "heartbeat": {
    "state": "running",
    "pid": 90679,
    "started_at": "2026-04-12T01:34:31.945813Z",
    "last_loop_started_at": "2026-04-12T01:54:51.113394Z",
    "last_loop_completed_at": "2026-04-12T01:53:51.019892Z",
    "processed_cases_total": 1,
    "last_pass": {
      "case_key": "",
      "market_id": "",
      "ok": true,
      "periodic_tasks_ran": [],
      "soft_failed": false,
      "status": "idle_pipeline_busy"
    },
    "last_resolution_sync": {
      "attempted_at": "2026-04-12T01:52:49.989591Z",
      "candidate_count": 1,
      "group_count": 1,
      "ok": true,
      "returncode": 0,
      "succeeded_at": "2026-04-12T01:52:49.989605Z"
    },
    "last_brier_snapshot": {
      "attempted_at": "2026-04-12T01:36:44.286128Z",
      "filters": {
        "contract_id": null,
        "market_id": null,
        "platform": "polymarket",
        "since_ts": null,
        "until_ts": null
      },
      "ok": true,
      "persisted_paths": {
        "daily_path": "quant-db/reports/brier/daily/2026-04-11.json",
        "latest_path": "quant-db/reports/brier/latest.json"
      },
      "returncode": 0,
      "succeeded_at": "2026-04-12T01:36:44.286146Z"
    }
  },
  "quarantine_count": 3,
  "issues": []
}
{
  "status": "ok",
  "exit_code": 0,
  "checked_at": "2026-04-12T02:01:08.131230Z",
  "heartbeat_file": "/Users/agent2/.openclaw/orchestrator/scripts/.runtime-state/pipeline-heartbeat.json",
  "quarantine_file": "/Users/agent2/.openclaw/orchestrator/scripts/.runtime-state/pipeline-quarantine.json",
  "report_file": "/Users/agent2/.openclaw/orchestrator/scripts/.runtime-state/pipeline-health-report.json",
  "heartbeat": {
    "state": "running",
    "pid": 90679,
    "started_at": "2026-04-12T01:34:31.945813Z",
    "last_loop_started_at": "2026-04-12T01:58:38.490915Z",
    "last_loop_completed_at": "2026-04-12T01:57:38.369163Z",
    "processed_cases_total": 1,
    "last_pass": {
      "case_key": "ab4a03d9-b349-4e89-8dc1-cb31542d2e50",
      "market_id": "19ddf7df-d45a-463f-ba5d-472fe0fcdb79",
      "ok": true,
      "periodic_tasks_ran": [
        "soft_fail_quarantine"
      ],
      "soft_failed": true,
      "status": "processed_new_case"
    },
    "last_resolution_sync": {
      "attempted_at": "2026-04-12T01:52:49.989591Z",
      "candidate_count": 1,
      "group_count": 1,
      "ok": true,
      "returncode": 0,
      "succeeded_at": "2026-04-12T01:52:49.989605Z"
    },
    "last_brier_snapshot": {
      "attempted_at": "2026-04-12T01:36:44.286128Z",
      "filters": {
        "contract_id": null,
        "market_id": null,
        "platform": "polymarket",
        "since_ts": null,
        "until_ts": null
      },
      "ok": true,
      "persisted_paths": {
        "daily_path": "quant-db/reports/brier/daily/2026-04-11.json",
        "latest_path": "quant-db/reports/brier/latest.json"
      },
      "returncode": 0,
      "succeeded_at": "2026-04-12T01:36:44.286146Z"
    }
  },
  "quarantine_count": 2,
  "issues": []
}
{
  "status": "ok",
  "exit_code": 0,
  "checked_at": "2026-04-12T02:06:08.307035Z",
  "heartbeat_file": "/Users/agent2/.openclaw/orchestrator/scripts/.runtime-state/pipeline-heartbeat.json",
  "quarantine_file": "/Users/agent2/.openclaw/orchestrator/scripts/.runtime-state/pipeline-quarantine.json",
  "report_file": "/Users/agent2/.openclaw/orchestrator/scripts/.runtime-state/pipeline-health-report.json",
  "heartbeat": {
    "state": "idle_sleep",
    "pid": 96297,
    "started_at": "2026-04-12T02:02:39.794349Z",
    "last_loop_started_at": "2026-04-12T02:02:39.797383Z",
    "last_loop_completed_at": "2026-04-12T02:05:47.434815Z",
    "processed_cases_total": 0,
    "last_pass": {
      "case_key": "675ec4cf-c55a-49d4-86c3-69aac7314ec5",
      "market_id": "3805dad3-429c-4ac2-9d40-c2db489844ce",
      "ok": true,
      "periodic_tasks_ran": [
        "brier_snapshot",
        "resolution_sync",
        "soft_fail_quarantine"
      ],
      "soft_failed": true,
      "status": "processed_new_case"
    },
    "last_resolution_sync": {
      "attempted_at": "2026-04-12T02:05:47.434887Z",
      "candidate_count": 2,
      "group_count": 2,
      "ok": true,
      "returncode": 0,
      "succeeded_at": "2026-04-12T02:05:47.434925Z"
    },
    "last_brier_snapshot": {
      "attempted_at": "2026-04-12T02:05:47.434931Z",
      "filters": {
        "contract_id": null,
        "market_id": null,
        "platform": "polymarket",
        "since_ts": null,
        "until_ts": null
      },
      "ok": true,
      "persisted_paths": {
        "daily_path": "quant-db/reports/brier/daily/2026-04-11.json",
        "latest_path": "quant-db/reports/brier/latest.json"
      },
      "returncode": 0,
      "succeeded_at": "2026-04-12T02:05:47.434946Z"
    }
  },
  "quarantine_count": 3,
  "issues": []
}
{
  "status": "warn",
  "exit_code": 1,
  "checked_at": "2026-04-12T02:11:08.478177Z",
  "heartbeat_file": "/Users/agent2/.openclaw/orchestrator/scripts/.runtime-state/pipeline-heartbeat.json",
  "quarantine_file": "/Users/agent2/.openclaw/orchestrator/scripts/.runtime-state/pipeline-quarantine.json",
  "report_file": "/Users/agent2/.openclaw/orchestrator/scripts/.runtime-state/pipeline-health-report.json",
  "heartbeat": {
    "state": "running",
    "pid": 98090,
    "started_at": "2026-04-12T02:09:56.384087Z",
    "last_loop_started_at": "2026-04-12T02:09:56.386938Z",
    "last_loop_completed_at": null,
    "processed_cases_total": 0,
    "last_pass": {},
    "last_resolution_sync": {},
    "last_brier_snapshot": {}
  },
  "quarantine_count": 3,
  "issues": [
    {
      "level": "warn",
      "code": "missing_resolution_sync",
      "message": "No recorded resolution sync yet",
      "cadence_seconds": 900.0
    },
    {
      "level": "warn",
      "code": "missing_brier_snapshot",
      "message": "No recorded Brier snapshot yet",
      "cadence_seconds": 86400.0
    }
  ]
}
{
  "status": "ok",
  "exit_code": 0,
  "checked_at": "2026-04-12T02:16:08.677482Z",
  "heartbeat_file": "/Users/agent2/.openclaw/orchestrator/scripts/.runtime-state/pipeline-heartbeat.json",
  "quarantine_file": "/Users/agent2/.openclaw/orchestrator/scripts/.runtime-state/pipeline-quarantine.json",
  "report_file": "/Users/agent2/.openclaw/orchestrator/scripts/.runtime-state/pipeline-health-report.json",
  "heartbeat": {
    "state": "running",
    "pid": 98090,
    "started_at": "2026-04-12T02:09:56.384087Z",
    "last_loop_started_at": "2026-04-12T02:14:23.498305Z",
    "last_loop_completed_at": "2026-04-12T02:13:23.391052Z",
    "processed_cases_total": 0,
    "last_pass": {
      "case_key": "75f09332-c9c6-432d-9c9c-1ef3651dbae3",
      "market_id": "eca96b14-8b2d-429c-bdb7-c6b8f2ed6af5",
      "ok": true,
      "periodic_tasks_ran": [
        "brier_snapshot",
        "resolution_sync",
        "soft_fail_quarantine"
      ],
      "soft_failed": true,
      "status": "processed_new_case"
    },
    "last_resolution_sync": {
      "attempted_at": "2026-04-12T02:13:23.391114Z",
      "candidate_count": 3,
      "group_count": 3,
      "ok": true,
      "returncode": 0,
      "succeeded_at": "2026-04-12T02:13:23.391155Z"
    },
    "last_brier_snapshot": {
      "attempted_at": "2026-04-12T02:13:23.391161Z",
      "filters": {
        "contract_id": null,
        "market_id": null,
        "platform": "polymarket",
        "since_ts": null,
        "until_ts": null
      },
      "ok": true,
      "persisted_paths": {
        "daily_path": "quant-db/reports/brier/daily/2026-04-11.json",
        "latest_path": "quant-db/reports/brier/latest.json"
      },
      "returncode": 0,
      "succeeded_at": "2026-04-12T02:13:23.391176Z"
    }
  },
  "quarantine_count": 4,
  "issues": []
}
