{
  "ok": true,
  "bundle_json": "qualitative-db/40-research/cases/case-20260409-746679d3/researcher-analyses/2026-04-09/dispatch-case-20260409-746679d3-20260409T205932Z/sidecar-synthesis-bundle.json",
  "prompt_path": "qualitative-db/40-research/cases/case-20260409-746679d3/researcher-analyses/2026-04-09/dispatch-case-20260409-746679d3-20260409T205932Z/synthesis-prompt.md",
  "result_json": "qualitative-db/40-research/cases/case-20260409-746679d3/researcher-analyses/2026-04-09/dispatch-case-20260409-746679d3-20260409T205932Z/synthesis-result.json",
  "warnings": [],
  "artifact_path": "qualitative-db/40-research/cases/case-20260409-746679d3/researcher-analyses/2026-04-09/dispatch-case-20260409-746679d3-20260409T205932Z/syndicated-finding.md",
  "current_artifact_path": "qualitative-db/40-research/cases/case-20260409-746679d3/synthesizer-agent/syndicated-finding.md",
  "decision_handoff_path": "qualitative-db/40-research/cases/case-20260409-746679d3/researcher-analyses/2026-04-09/dispatch-case-20260409-746679d3-20260409T205932Z/decision-handoff.md",
  "current_decision_handoff_path": "qualitative-db/40-research/cases/case-20260409-746679d3/synthesizer-agent/decision-handoff.md",
  "sidecar_path": "qualitative-db/40-research/cases/case-20260409-746679d3/researcher-analyses/2026-04-09/dispatch-case-20260409-746679d3-20260409T205932Z/syndicated-finding.runtime.json",
  "current_sidecar_path": "qualitative-db/40-research/cases/case-20260409-746679d3/synthesizer-agent/syndicated-finding.runtime.json",
  "timeline_update": {
    "appended": false,
    "case_key": "case-20260409-746679d3",
    "dispatch_id": "dispatch-case-20260409-746679d3-20260409T205932Z",
    "artifact_path": "qualitative-db/40-research/cases/case-20260409-746679d3/researcher-analyses/2026-04-09/dispatch-case-20260409-746679d3-20260409T205932Z/syndicated-finding.md",
    "entry": "- 2026-04-09T21:07:08.535624+00:00 \u2014 completed synthesis `dispatch-case-20260409-746679d3-20260409T205932Z` with artifact `qualitative-db/40-research/cases/case-20260409-746679d3/researcher-analyses/2026-04-09/dispatch-case-20260409-746679d3-20260409T205932Z/syndicated-finding.md`."
  },
  "allow_truth_finding_research": true,
  "visible_finish": {
    "action": "send",
    "channel": "telegram",
    "dryRun": false,
    "handledBy": "plugin",
    "payload": {
      "ok": true,
      "messageId": "558",
      "chatId": "-1003846500961"
    }
  }
}
