{
  "ok": true,
  "bundle_json": "qualitative-db/40-research/cases/case-20260409-d9a24086/researcher-analyses/2026-04-09/dispatch-case-20260409-d9a24086-20260409T165631Z/sidecar-synthesis-bundle.json",
  "prompt_path": "qualitative-db/40-research/cases/case-20260409-d9a24086/researcher-analyses/2026-04-09/dispatch-case-20260409-d9a24086-20260409T165631Z/synthesis-prompt.md",
  "result_json": "qualitative-db/40-research/cases/case-20260409-d9a24086/researcher-analyses/2026-04-09/dispatch-case-20260409-d9a24086-20260409T165631Z/synthesis-result.json",
  "warnings": [],
  "artifact_path": "qualitative-db/40-research/cases/case-20260409-d9a24086/researcher-analyses/2026-04-09/dispatch-case-20260409-d9a24086-20260409T165631Z/syndicated-finding.md",
  "current_artifact_path": "qualitative-db/40-research/cases/case-20260409-d9a24086/synthesizer-agent/syndicated-finding.md",
  "decision_handoff_path": "qualitative-db/40-research/cases/case-20260409-d9a24086/researcher-analyses/2026-04-09/dispatch-case-20260409-d9a24086-20260409T165631Z/decision-handoff.md",
  "current_decision_handoff_path": "qualitative-db/40-research/cases/case-20260409-d9a24086/synthesizer-agent/decision-handoff.md",
  "sidecar_path": "qualitative-db/40-research/cases/case-20260409-d9a24086/researcher-analyses/2026-04-09/dispatch-case-20260409-d9a24086-20260409T165631Z/syndicated-finding.runtime.json",
  "current_sidecar_path": "qualitative-db/40-research/cases/case-20260409-d9a24086/synthesizer-agent/syndicated-finding.runtime.json",
  "timeline_update": {
    "appended": true,
    "case_key": "case-20260409-d9a24086",
    "dispatch_id": "dispatch-case-20260409-d9a24086-20260409T165631Z",
    "artifact_path": "qualitative-db/40-research/cases/case-20260409-d9a24086/researcher-analyses/2026-04-09/dispatch-case-20260409-d9a24086-20260409T165631Z/syndicated-finding.md",
    "entry": "- 2026-04-09T17:10:22.033478+00:00 \u2014 completed synthesis `dispatch-case-20260409-d9a24086-20260409T165631Z` with artifact `qualitative-db/40-research/cases/case-20260409-d9a24086/researcher-analyses/2026-04-09/dispatch-case-20260409-d9a24086-20260409T165631Z/syndicated-finding.md`."
  },
  "allow_truth_finding_research": true,
  "visible_finish": {
    "action": "send",
    "channel": "telegram",
    "dryRun": false,
    "handledBy": "plugin",
    "payload": {
      "ok": true,
      "messageId": "462",
      "chatId": "-1003846500961"
    }
  }
}
