{
  "ok": true,
  "bundle_json": "qualitative-db/40-research/cases/case-20260416-c395460f/researcher-analyses/2026-04-16/dispatch-case-20260416-c395460f-20260416T022702Z/sidecar-synthesis-bundle.json",
  "prompt_path": "qualitative-db/40-research/cases/case-20260416-c395460f/researcher-analyses/2026-04-16/dispatch-case-20260416-c395460f-20260416T022702Z/synthesis-prompt.md",
  "result_json": "qualitative-db/40-research/cases/case-20260416-c395460f/researcher-analyses/2026-04-16/dispatch-case-20260416-c395460f-20260416T022702Z/synthesis-result.json",
  "warnings": [],
  "artifact_path": "qualitative-db/40-research/cases/case-20260416-c395460f/researcher-analyses/2026-04-16/dispatch-case-20260416-c395460f-20260416T022702Z/syndicated-finding.md",
  "current_artifact_path": "qualitative-db/40-research/cases/case-20260416-c395460f/synthesizer-agent/syndicated-finding.md",
  "decision_handoff_path": "qualitative-db/40-research/cases/case-20260416-c395460f/researcher-analyses/2026-04-16/dispatch-case-20260416-c395460f-20260416T022702Z/decision-handoff.md",
  "current_decision_handoff_path": "qualitative-db/40-research/cases/case-20260416-c395460f/synthesizer-agent/decision-handoff.md",
  "sidecar_path": "qualitative-db/40-research/cases/case-20260416-c395460f/researcher-analyses/2026-04-16/dispatch-case-20260416-c395460f-20260416T022702Z/syndicated-finding.runtime.json",
  "current_sidecar_path": "qualitative-db/40-research/cases/case-20260416-c395460f/synthesizer-agent/syndicated-finding.runtime.json",
  "timeline_update": {
    "appended": true,
    "case_key": "case-20260416-c395460f",
    "dispatch_id": "dispatch-case-20260416-c395460f-20260416T022702Z",
    "artifact_path": "qualitative-db/40-research/cases/case-20260416-c395460f/researcher-analyses/2026-04-16/dispatch-case-20260416-c395460f-20260416T022702Z/syndicated-finding.md",
    "entry": "- 2026-04-16T02:36:16.998832+00:00 \u2014 completed synthesis `dispatch-case-20260416-c395460f-20260416T022702Z` with artifact `qualitative-db/40-research/cases/case-20260416-c395460f/researcher-analyses/2026-04-16/dispatch-case-20260416-c395460f-20260416T022702Z/syndicated-finding.md`."
  },
  "allow_truth_finding_research": true,
  "synthesis_telemetry": {
    "parse_failures": [],
    "attempt_count": 1,
    "recovered_after_retry": false,
    "visible_start": {
      "action": "send",
      "channel": "telegram",
      "dryRun": false,
      "handledBy": "plugin",
      "payload": {
        "ok": true,
        "messageId": "4121",
        "chatId": "-1003846500961"
      }
    },
    "raw_text_path": "qualitative-db/40-research/cases/case-20260416-c395460f/researcher-analyses/2026-04-16/dispatch-case-20260416-c395460f-20260416T022702Z/synthesis-response.raw.txt",
    "gateway_response_path": "qualitative-db/40-research/cases/case-20260416-c395460f/researcher-analyses/2026-04-16/dispatch-case-20260416-c395460f-20260416T022702Z/synthesis-response.json"
  },
  "visible_finish": {
    "action": "send",
    "channel": "telegram",
    "dryRun": false,
    "handledBy": "plugin",
    "payload": {
      "ok": true,
      "messageId": "4122",
      "chatId": "-1003846500961"
    }
  }
}
