{
  "ok": true,
  "bundle_json": "qualitative-db/40-research/cases/case-20260409-92464f9a/researcher-analyses/2026-04-09/dispatch-case-20260409-92464f9a-20260409T201552Z/sidecar-synthesis-bundle.json",
  "prompt_path": "qualitative-db/40-research/cases/case-20260409-92464f9a/researcher-analyses/2026-04-09/dispatch-case-20260409-92464f9a-20260409T201552Z/synthesis-prompt.md",
  "result_json": "qualitative-db/40-research/cases/case-20260409-92464f9a/researcher-analyses/2026-04-09/dispatch-case-20260409-92464f9a-20260409T201552Z/synthesis-result.json",
  "warnings": [],
  "artifact_path": "qualitative-db/40-research/cases/case-20260409-92464f9a/researcher-analyses/2026-04-09/dispatch-case-20260409-92464f9a-20260409T201552Z/syndicated-finding.md",
  "current_artifact_path": "qualitative-db/40-research/cases/case-20260409-92464f9a/synthesizer-agent/syndicated-finding.md",
  "decision_handoff_path": "qualitative-db/40-research/cases/case-20260409-92464f9a/researcher-analyses/2026-04-09/dispatch-case-20260409-92464f9a-20260409T201552Z/decision-handoff.md",
  "current_decision_handoff_path": "qualitative-db/40-research/cases/case-20260409-92464f9a/synthesizer-agent/decision-handoff.md",
  "sidecar_path": "qualitative-db/40-research/cases/case-20260409-92464f9a/researcher-analyses/2026-04-09/dispatch-case-20260409-92464f9a-20260409T201552Z/syndicated-finding.runtime.json",
  "current_sidecar_path": "qualitative-db/40-research/cases/case-20260409-92464f9a/synthesizer-agent/syndicated-finding.runtime.json",
  "timeline_update": {
    "appended": true,
    "case_key": "case-20260409-92464f9a",
    "dispatch_id": "dispatch-case-20260409-92464f9a-20260409T201552Z",
    "artifact_path": "qualitative-db/40-research/cases/case-20260409-92464f9a/researcher-analyses/2026-04-09/dispatch-case-20260409-92464f9a-20260409T201552Z/syndicated-finding.md",
    "entry": "- 2026-04-09T20:25:03.895049+00:00 \u2014 completed synthesis `dispatch-case-20260409-92464f9a-20260409T201552Z` with artifact `qualitative-db/40-research/cases/case-20260409-92464f9a/researcher-analyses/2026-04-09/dispatch-case-20260409-92464f9a-20260409T201552Z/syndicated-finding.md`."
  },
  "allow_truth_finding_research": true,
  "visible_finish": {
    "action": "send",
    "channel": "telegram",
    "dryRun": false,
    "handledBy": "plugin",
    "payload": {
      "ok": true,
      "messageId": "510",
      "chatId": "-1003846500961"
    }
  }
}

